[2024-09-16T10:00:05.711+0000] {local_task_job_runner.py:123} INFO - ::group::Pre task execution logs
[2024-09-16T10:00:05.723+0000] {taskinstance.py:2612} INFO - Dependencies all met for dep_context=non-requeueable deps ti=<TaskInstance: spotify_etl_dag.fetch_spotify_data manual__2024-09-16T10:00:04.438206+00:00 [queued]>
[2024-09-16T10:00:05.729+0000] {taskinstance.py:2612} INFO - Dependencies all met for dep_context=requeueable deps ti=<TaskInstance: spotify_etl_dag.fetch_spotify_data manual__2024-09-16T10:00:04.438206+00:00 [queued]>
[2024-09-16T10:00:05.729+0000] {taskinstance.py:2865} INFO - Starting attempt 1 of 1
[2024-09-16T10:00:05.742+0000] {taskinstance.py:2888} INFO - Executing <Task(PythonOperator): fetch_spotify_data> on 2024-09-16 10:00:04.438206+00:00
[2024-09-16T10:00:05.748+0000] {warnings.py:112} WARNING - /home/***/.local/lib/python3.12/site-packages/***/task/task_runner/standard_task_runner.py:70: DeprecationWarning: This process (pid=2606) is multi-threaded, use of fork() may lead to deadlocks in the child.
  pid = os.fork()

[2024-09-16T10:00:05.749+0000] {standard_task_runner.py:72} INFO - Started process 2615 to run task
[2024-09-16T10:00:05.749+0000] {standard_task_runner.py:104} INFO - Running: ['***', 'tasks', 'run', 'spotify_etl_dag', 'fetch_spotify_data', 'manual__2024-09-16T10:00:04.438206+00:00', '--job-id', '49', '--raw', '--subdir', 'DAGS_FOLDER/spotify_***_pipeline.py', '--cfg-path', '/tmp/tmptjhow7l8']
[2024-09-16T10:00:05.750+0000] {standard_task_runner.py:105} INFO - Job 49: Subtask fetch_spotify_data
[2024-09-16T10:00:05.792+0000] {task_command.py:467} INFO - Running <TaskInstance: spotify_etl_dag.fetch_spotify_data manual__2024-09-16T10:00:04.438206+00:00 [running]> on host eabfb3f09221
[2024-09-16T10:00:05.861+0000] {taskinstance.py:3131} INFO - Exporting env vars: AIRFLOW_CTX_DAG_OWNER='nihitverma' AIRFLOW_CTX_DAG_ID='spotify_etl_dag' AIRFLOW_CTX_TASK_ID='fetch_spotify_data' AIRFLOW_CTX_EXECUTION_DATE='2024-09-16T10:00:04.438206+00:00' AIRFLOW_CTX_TRY_NUMBER='1' AIRFLOW_CTX_DAG_RUN_ID='manual__2024-09-16T10:00:04.438206+00:00'
[2024-09-16T10:00:05.863+0000] {logging_mixin.py:190} INFO - Task instance is in running state
[2024-09-16T10:00:05.863+0000] {logging_mixin.py:190} INFO -  Previous state of the Task instance: queued
[2024-09-16T10:00:05.864+0000] {logging_mixin.py:190} INFO - Current task name:fetch_spotify_data state:running start_date:2024-09-16 10:00:05.724545+00:00
[2024-09-16T10:00:05.864+0000] {logging_mixin.py:190} INFO - Dag name:spotify_etl_dag and current dag run status:running
[2024-09-16T10:00:05.865+0000] {taskinstance.py:731} INFO - ::endgroup::
[2024-09-16T10:00:06.910+0000] {python.py:240} INFO - Done. Returned value was: None
[2024-09-16T10:00:06.916+0000] {taskinstance.py:340} INFO - ::group::Post task execution logs
[2024-09-16T10:00:06.917+0000] {taskinstance.py:352} INFO - Marking task as SUCCESS. dag_id=spotify_etl_dag, task_id=fetch_spotify_data, run_id=manual__2024-09-16T10:00:04.438206+00:00, execution_date=20240916T100004, start_date=20240916T100005, end_date=20240916T100006
[2024-09-16T10:00:06.924+0000] {logging_mixin.py:190} INFO - Task instance in success state
[2024-09-16T10:00:06.924+0000] {logging_mixin.py:190} INFO -  Previous state of the Task instance: running
[2024-09-16T10:00:06.925+0000] {logging_mixin.py:190} INFO - Dag name:spotify_etl_dag queued_at:2024-09-16 10:00:04.448642+00:00
[2024-09-16T10:00:06.925+0000] {logging_mixin.py:190} INFO - Task hostname:eabfb3f09221 operator:PythonOperator
[2024-09-16T10:00:06.969+0000] {local_task_job_runner.py:266} INFO - Task exited with return code 0
[2024-09-16T10:00:06.990+0000] {taskinstance.py:3900} INFO - 1 downstream tasks scheduled from follow-on schedule check
[2024-09-16T10:00:06.992+0000] {local_task_job_runner.py:245} INFO - ::endgroup::
