[2024-09-16T10:18:21.337+0000] {local_task_job_runner.py:123} INFO - ::group::Pre task execution logs
[2024-09-16T10:18:21.349+0000] {taskinstance.py:2612} INFO - Dependencies all met for dep_context=non-requeueable deps ti=<TaskInstance: spotify_etl_dag.process_songs manual__2024-09-16T10:18:06.868794+00:00 [queued]>
[2024-09-16T10:18:21.354+0000] {taskinstance.py:2612} INFO - Dependencies all met for dep_context=requeueable deps ti=<TaskInstance: spotify_etl_dag.process_songs manual__2024-09-16T10:18:06.868794+00:00 [queued]>
[2024-09-16T10:18:21.355+0000] {taskinstance.py:2865} INFO - Starting attempt 1 of 1
[2024-09-16T10:18:21.364+0000] {taskinstance.py:2888} INFO - Executing <Task(PythonOperator): process_songs> on 2024-09-16 10:18:06.868794+00:00
[2024-09-16T10:18:21.369+0000] {warnings.py:112} WARNING - /home/***/.local/lib/python3.12/site-packages/***/task/task_runner/standard_task_runner.py:70: DeprecationWarning: This process (pid=2956) is multi-threaded, use of fork() may lead to deadlocks in the child.
  pid = os.fork()

[2024-09-16T10:18:21.370+0000] {standard_task_runner.py:72} INFO - Started process 2962 to run task
[2024-09-16T10:18:21.371+0000] {standard_task_runner.py:104} INFO - Running: ['***', 'tasks', 'run', 'spotify_etl_dag', 'process_songs', 'manual__2024-09-16T10:18:06.868794+00:00', '--job-id', '72', '--raw', '--subdir', 'DAGS_FOLDER/spotify_***_pipeline.py', '--cfg-path', '/tmp/tmpev532ek7']
[2024-09-16T10:18:21.372+0000] {standard_task_runner.py:105} INFO - Job 72: Subtask process_songs
[2024-09-16T10:18:21.405+0000] {task_command.py:467} INFO - Running <TaskInstance: spotify_etl_dag.process_songs manual__2024-09-16T10:18:06.868794+00:00 [running]> on host eabfb3f09221
[2024-09-16T10:18:21.461+0000] {taskinstance.py:3131} INFO - Exporting env vars: AIRFLOW_CTX_DAG_OWNER='***' AIRFLOW_CTX_DAG_ID='spotify_etl_dag' AIRFLOW_CTX_TASK_ID='process_songs' AIRFLOW_CTX_EXECUTION_DATE='2024-09-16T10:18:06.868794+00:00' AIRFLOW_CTX_TRY_NUMBER='1' AIRFLOW_CTX_DAG_RUN_ID='manual__2024-09-16T10:18:06.868794+00:00'
[2024-09-16T10:18:21.462+0000] {logging_mixin.py:190} INFO - Task instance is in running state
[2024-09-16T10:18:21.463+0000] {logging_mixin.py:190} INFO -  Previous state of the Task instance: queued
[2024-09-16T10:18:21.463+0000] {logging_mixin.py:190} INFO - Current task name:process_songs state:running start_date:2024-09-16 10:18:21.349479+00:00
[2024-09-16T10:18:21.464+0000] {logging_mixin.py:190} INFO - Dag name:spotify_etl_dag and current dag run status:running
[2024-09-16T10:18:21.464+0000] {taskinstance.py:731} INFO - ::endgroup::
[2024-09-16T10:18:21.545+0000] {python.py:240} INFO - Done. Returned value was: None
[2024-09-16T10:18:21.552+0000] {taskinstance.py:340} INFO - ::group::Post task execution logs
[2024-09-16T10:18:21.552+0000] {taskinstance.py:352} INFO - Marking task as SUCCESS. dag_id=spotify_etl_dag, task_id=process_songs, run_id=manual__2024-09-16T10:18:06.868794+00:00, execution_date=20240916T101806, start_date=20240916T101821, end_date=20240916T101821
[2024-09-16T10:18:21.561+0000] {logging_mixin.py:190} INFO - Task instance in success state
[2024-09-16T10:18:21.562+0000] {logging_mixin.py:190} INFO -  Previous state of the Task instance: running
[2024-09-16T10:18:21.563+0000] {logging_mixin.py:190} INFO - Dag name:spotify_etl_dag queued_at:2024-09-16 10:18:06.877848+00:00
[2024-09-16T10:18:21.563+0000] {logging_mixin.py:190} INFO - Task hostname:eabfb3f09221 operator:PythonOperator
[2024-09-16T10:18:21.585+0000] {local_task_job_runner.py:266} INFO - Task exited with return code 0
[2024-09-16T10:18:21.591+0000] {local_task_job_runner.py:245} INFO - ::endgroup::
