[2024-09-16T07:08:39.952+0000] {local_task_job_runner.py:123} INFO - ::group::Pre task execution logs
[2024-09-16T07:08:39.962+0000] {taskinstance.py:2612} INFO - Dependencies all met for dep_context=non-requeueable deps ti=<TaskInstance: spotify_etl_dag.read_data_from_s3 manual__2024-09-16T07:08:31.643667+00:00 [queued]>
[2024-09-16T07:08:39.968+0000] {taskinstance.py:2612} INFO - Dependencies all met for dep_context=requeueable deps ti=<TaskInstance: spotify_etl_dag.read_data_from_s3 manual__2024-09-16T07:08:31.643667+00:00 [queued]>
[2024-09-16T07:08:39.969+0000] {taskinstance.py:2865} INFO - Starting attempt 1 of 1
[2024-09-16T07:08:39.979+0000] {taskinstance.py:2888} INFO - Executing <Task(PythonOperator): read_data_from_s3> on 2024-09-16 07:08:31.643667+00:00
[2024-09-16T07:08:39.984+0000] {warnings.py:112} WARNING - /home/***/.local/lib/python3.12/site-packages/***/task/task_runner/standard_task_runner.py:70: DeprecationWarning: This process (pid=1411) is multi-threaded, use of fork() may lead to deadlocks in the child.
  pid = os.fork()

[2024-09-16T07:08:39.986+0000] {standard_task_runner.py:72} INFO - Started process 1413 to run task
[2024-09-16T07:08:39.986+0000] {standard_task_runner.py:104} INFO - Running: ['***', 'tasks', 'run', 'spotify_etl_dag', 'read_data_from_s3', 'manual__2024-09-16T07:08:31.643667+00:00', '--job-id', '31', '--raw', '--subdir', 'DAGS_FOLDER/spotify_***_pipeline.py', '--cfg-path', '/tmp/tmphqh1bb3e']
[2024-09-16T07:08:39.987+0000] {standard_task_runner.py:105} INFO - Job 31: Subtask read_data_from_s3
[2024-09-16T07:08:40.020+0000] {task_command.py:467} INFO - Running <TaskInstance: spotify_etl_dag.read_data_from_s3 manual__2024-09-16T07:08:31.643667+00:00 [running]> on host eabfb3f09221
[2024-09-16T07:08:40.068+0000] {taskinstance.py:3131} INFO - Exporting env vars: AIRFLOW_CTX_DAG_OWNER='nihitverma' AIRFLOW_CTX_DAG_ID='spotify_etl_dag' AIRFLOW_CTX_TASK_ID='read_data_from_s3' AIRFLOW_CTX_EXECUTION_DATE='2024-09-16T07:08:31.643667+00:00' AIRFLOW_CTX_TRY_NUMBER='1' AIRFLOW_CTX_DAG_RUN_ID='manual__2024-09-16T07:08:31.643667+00:00'
[2024-09-16T07:08:40.070+0000] {logging_mixin.py:190} INFO - Task instance is in running state
[2024-09-16T07:08:40.071+0000] {logging_mixin.py:190} INFO -  Previous state of the Task instance: queued
[2024-09-16T07:08:40.071+0000] {logging_mixin.py:190} INFO - Current task name:read_data_from_s3 state:running start_date:2024-09-16 07:08:39.963558+00:00
[2024-09-16T07:08:40.072+0000] {logging_mixin.py:190} INFO - Dag name:spotify_etl_dag and current dag run status:running
[2024-09-16T07:08:40.073+0000] {taskinstance.py:731} INFO - ::endgroup::
[2024-09-16T07:08:40.081+0000] {base.py:84} INFO - Retrieving connection 'aws_conn'
[2024-09-16T07:08:40.082+0000] {connection_wrapper.py:388} INFO - AWS Connection (conn_id='aws_conn', conn_type='aws') credentials retrieved from login and password.
[2024-09-16T07:08:44.062+0000] {python.py:240} INFO - Done. Returned value was: None
[2024-09-16T07:08:44.070+0000] {taskinstance.py:340} INFO - ::group::Post task execution logs
[2024-09-16T07:08:44.071+0000] {taskinstance.py:352} INFO - Marking task as SUCCESS. dag_id=spotify_etl_dag, task_id=read_data_from_s3, run_id=manual__2024-09-16T07:08:31.643667+00:00, execution_date=20240916T070831, start_date=20240916T070839, end_date=20240916T070844
[2024-09-16T07:08:44.077+0000] {logging_mixin.py:190} INFO - Task instance in success state
[2024-09-16T07:08:44.078+0000] {logging_mixin.py:190} INFO -  Previous state of the Task instance: running
[2024-09-16T07:08:44.078+0000] {logging_mixin.py:190} INFO - Dag name:spotify_etl_dag queued_at:2024-09-16 07:08:31.650069+00:00
[2024-09-16T07:08:44.079+0000] {logging_mixin.py:190} INFO - Task hostname:eabfb3f09221 operator:PythonOperator
[2024-09-16T07:08:44.104+0000] {local_task_job_runner.py:266} INFO - Task exited with return code 0
[2024-09-16T07:08:44.117+0000] {taskinstance.py:3900} INFO - 0 downstream tasks scheduled from follow-on schedule check
[2024-09-16T07:08:44.118+0000] {local_task_job_runner.py:245} INFO - ::endgroup::
