[2024-09-16T10:15:30.050+0000] {local_task_job_runner.py:123} INFO - ::group::Pre task execution logs
[2024-09-16T10:15:30.063+0000] {taskinstance.py:2612} INFO - Dependencies all met for dep_context=non-requeueable deps ti=<TaskInstance: spotify_etl_dag.store_artist_to_s3 manual__2024-09-16T10:15:13.716887+00:00 [queued]>
[2024-09-16T10:15:30.068+0000] {taskinstance.py:2612} INFO - Dependencies all met for dep_context=requeueable deps ti=<TaskInstance: spotify_etl_dag.store_artist_to_s3 manual__2024-09-16T10:15:13.716887+00:00 [queued]>
[2024-09-16T10:15:30.069+0000] {taskinstance.py:2865} INFO - Starting attempt 1 of 1
[2024-09-16T10:15:30.079+0000] {taskinstance.py:2888} INFO - Executing <Task(S3CreateObjectOperator): store_artist_to_s3> on 2024-09-16 10:15:13.716887+00:00
[2024-09-16T10:15:30.084+0000] {warnings.py:112} WARNING - /home/***/.local/lib/python3.12/site-packages/***/task/task_runner/standard_task_runner.py:70: DeprecationWarning: This process (pid=2886) is multi-threaded, use of fork() may lead to deadlocks in the child.
  pid = os.fork()

[2024-09-16T10:15:30.085+0000] {standard_task_runner.py:72} INFO - Started process 2892 to run task
[2024-09-16T10:15:30.086+0000] {standard_task_runner.py:104} INFO - Running: ['***', 'tasks', 'run', 'spotify_etl_dag', 'store_artist_to_s3', 'manual__2024-09-16T10:15:13.716887+00:00', '--job-id', '65', '--raw', '--subdir', 'DAGS_FOLDER/spotify_***_pipeline.py', '--cfg-path', '/tmp/tmpt43gb2o4']
[2024-09-16T10:15:30.087+0000] {standard_task_runner.py:105} INFO - Job 65: Subtask store_artist_to_s3
[2024-09-16T10:15:30.125+0000] {task_command.py:467} INFO - Running <TaskInstance: spotify_etl_dag.store_artist_to_s3 manual__2024-09-16T10:15:13.716887+00:00 [running]> on host eabfb3f09221
[2024-09-16T10:15:30.193+0000] {taskinstance.py:3131} INFO - Exporting env vars: AIRFLOW_CTX_DAG_OWNER='nihitverma' AIRFLOW_CTX_DAG_ID='spotify_etl_dag' AIRFLOW_CTX_TASK_ID='store_artist_to_s3' AIRFLOW_CTX_EXECUTION_DATE='2024-09-16T10:15:13.716887+00:00' AIRFLOW_CTX_TRY_NUMBER='1' AIRFLOW_CTX_DAG_RUN_ID='manual__2024-09-16T10:15:13.716887+00:00'
[2024-09-16T10:15:30.194+0000] {logging_mixin.py:190} INFO - Task instance is in running state
[2024-09-16T10:15:30.194+0000] {logging_mixin.py:190} INFO -  Previous state of the Task instance: queued
[2024-09-16T10:15:30.195+0000] {logging_mixin.py:190} INFO - Current task name:store_artist_to_s3 state:running start_date:2024-09-16 10:15:30.063631+00:00
[2024-09-16T10:15:30.195+0000] {logging_mixin.py:190} INFO - Dag name:spotify_etl_dag and current dag run status:running
[2024-09-16T10:15:30.196+0000] {taskinstance.py:731} INFO - ::endgroup::
[2024-09-16T10:15:30.202+0000] {base.py:84} INFO - Retrieving connection 'aws_conn'
[2024-09-16T10:15:30.203+0000] {connection_wrapper.py:388} INFO - AWS Connection (conn_id='aws_conn', conn_type='aws') credentials retrieved from login and password.
[2024-09-16T10:15:31.580+0000] {taskinstance.py:340} INFO - ::group::Post task execution logs
[2024-09-16T10:15:31.581+0000] {taskinstance.py:352} INFO - Marking task as SUCCESS. dag_id=spotify_etl_dag, task_id=store_artist_to_s3, run_id=manual__2024-09-16T10:15:13.716887+00:00, execution_date=20240916T101513, start_date=20240916T101530, end_date=20240916T101531
[2024-09-16T10:15:31.587+0000] {logging_mixin.py:190} INFO - Task instance in success state
[2024-09-16T10:15:31.588+0000] {logging_mixin.py:190} INFO -  Previous state of the Task instance: running
[2024-09-16T10:15:31.588+0000] {logging_mixin.py:190} INFO - Dag name:spotify_etl_dag queued_at:2024-09-16 10:15:13.746067+00:00
[2024-09-16T10:15:31.589+0000] {logging_mixin.py:190} INFO - Task hostname:eabfb3f09221 operator:S3CreateObjectOperator
[2024-09-16T10:15:31.629+0000] {local_task_job_runner.py:266} INFO - Task exited with return code 0
[2024-09-16T10:15:31.636+0000] {local_task_job_runner.py:245} INFO - ::endgroup::
