[2024-09-16T10:18:15.811+0000] {local_task_job_runner.py:123} INFO - ::group::Pre task execution logs
[2024-09-16T10:18:15.823+0000] {taskinstance.py:2612} INFO - Dependencies all met for dep_context=non-requeueable deps ti=<TaskInstance: spotify_etl_dag.read_data_from_s3 manual__2024-09-16T10:18:06.868794+00:00 [queued]>
[2024-09-16T10:18:15.832+0000] {taskinstance.py:2612} INFO - Dependencies all met for dep_context=requeueable deps ti=<TaskInstance: spotify_etl_dag.read_data_from_s3 manual__2024-09-16T10:18:06.868794+00:00 [queued]>
[2024-09-16T10:18:15.833+0000] {taskinstance.py:2865} INFO - Starting attempt 1 of 1
[2024-09-16T10:18:15.848+0000] {taskinstance.py:2888} INFO - Executing <Task(PythonOperator): read_data_from_s3> on 2024-09-16 10:18:06.868794+00:00
[2024-09-16T10:18:15.858+0000] {warnings.py:112} WARNING - /home/***/.local/lib/python3.12/site-packages/***/task/task_runner/standard_task_runner.py:70: DeprecationWarning: This process (pid=2951) is multi-threaded, use of fork() may lead to deadlocks in the child.
  pid = os.fork()

[2024-09-16T10:18:15.859+0000] {standard_task_runner.py:72} INFO - Started process 2953 to run task
[2024-09-16T10:18:15.860+0000] {standard_task_runner.py:104} INFO - Running: ['***', 'tasks', 'run', 'spotify_etl_dag', 'read_data_from_s3', 'manual__2024-09-16T10:18:06.868794+00:00', '--job-id', '70', '--raw', '--subdir', 'DAGS_FOLDER/spotify_***_pipeline.py', '--cfg-path', '/tmp/tmptnb53j6r']
[2024-09-16T10:18:15.861+0000] {standard_task_runner.py:105} INFO - Job 70: Subtask read_data_from_s3
[2024-09-16T10:18:15.909+0000] {task_command.py:467} INFO - Running <TaskInstance: spotify_etl_dag.read_data_from_s3 manual__2024-09-16T10:18:06.868794+00:00 [running]> on host eabfb3f09221
[2024-09-16T10:18:15.971+0000] {taskinstance.py:3131} INFO - Exporting env vars: AIRFLOW_CTX_DAG_OWNER='nihitverma' AIRFLOW_CTX_DAG_ID='spotify_etl_dag' AIRFLOW_CTX_TASK_ID='read_data_from_s3' AIRFLOW_CTX_EXECUTION_DATE='2024-09-16T10:18:06.868794+00:00' AIRFLOW_CTX_TRY_NUMBER='1' AIRFLOW_CTX_DAG_RUN_ID='manual__2024-09-16T10:18:06.868794+00:00'
[2024-09-16T10:18:15.972+0000] {logging_mixin.py:190} INFO - Task instance is in running state
[2024-09-16T10:18:15.973+0000] {logging_mixin.py:190} INFO -  Previous state of the Task instance: queued
[2024-09-16T10:18:15.973+0000] {logging_mixin.py:190} INFO - Current task name:read_data_from_s3 state:running start_date:2024-09-16 10:18:15.824583+00:00
[2024-09-16T10:18:15.974+0000] {logging_mixin.py:190} INFO - Dag name:spotify_etl_dag and current dag run status:running
[2024-09-16T10:18:15.974+0000] {taskinstance.py:731} INFO - ::endgroup::
[2024-09-16T10:18:15.985+0000] {base.py:84} INFO - Retrieving connection 'aws_conn'
[2024-09-16T10:18:15.986+0000] {connection_wrapper.py:388} INFO - AWS Connection (conn_id='aws_conn', conn_type='aws') credentials retrieved from login and password.
[2024-09-16T10:18:19.217+0000] {python.py:240} INFO - Done. Returned value was: None
[2024-09-16T10:18:19.225+0000] {taskinstance.py:340} INFO - ::group::Post task execution logs
[2024-09-16T10:18:19.226+0000] {taskinstance.py:352} INFO - Marking task as SUCCESS. dag_id=spotify_etl_dag, task_id=read_data_from_s3, run_id=manual__2024-09-16T10:18:06.868794+00:00, execution_date=20240916T101806, start_date=20240916T101815, end_date=20240916T101819
[2024-09-16T10:18:19.237+0000] {logging_mixin.py:190} INFO - Task instance in success state
[2024-09-16T10:18:19.238+0000] {logging_mixin.py:190} INFO -  Previous state of the Task instance: running
[2024-09-16T10:18:19.238+0000] {logging_mixin.py:190} INFO - Dag name:spotify_etl_dag queued_at:2024-09-16 10:18:06.877848+00:00
[2024-09-16T10:18:19.239+0000] {logging_mixin.py:190} INFO - Task hostname:eabfb3f09221 operator:PythonOperator
[2024-09-16T10:18:19.257+0000] {local_task_job_runner.py:266} INFO - Task exited with return code 0
[2024-09-16T10:18:19.279+0000] {taskinstance.py:3900} INFO - 3 downstream tasks scheduled from follow-on schedule check
[2024-09-16T10:18:19.283+0000] {local_task_job_runner.py:245} INFO - ::endgroup::
