[2024-09-16T09:56:38.205+0000] {local_task_job_runner.py:123} INFO - ::group::Pre task execution logs
[2024-09-16T09:56:38.216+0000] {taskinstance.py:2612} INFO - Dependencies all met for dep_context=non-requeueable deps ti=<TaskInstance: spotify_etl_dag.process_artist manual__2024-09-16T09:56:20.270168+00:00 [queued]>
[2024-09-16T09:56:38.221+0000] {taskinstance.py:2612} INFO - Dependencies all met for dep_context=requeueable deps ti=<TaskInstance: spotify_etl_dag.process_artist manual__2024-09-16T09:56:20.270168+00:00 [queued]>
[2024-09-16T09:56:38.222+0000] {taskinstance.py:2865} INFO - Starting attempt 1 of 1
[2024-09-16T09:56:38.231+0000] {taskinstance.py:2888} INFO - Executing <Task(PythonOperator): process_artist> on 2024-09-16 09:56:20.270168+00:00
[2024-09-16T09:56:38.237+0000] {warnings.py:112} WARNING - /home/***/.local/lib/python3.12/site-packages/***/task/task_runner/standard_task_runner.py:70: DeprecationWarning: This process (pid=2544) is multi-threaded, use of fork() may lead to deadlocks in the child.
  pid = os.fork()

[2024-09-16T09:56:38.238+0000] {standard_task_runner.py:72} INFO - Started process 2546 to run task
[2024-09-16T09:56:38.238+0000] {standard_task_runner.py:104} INFO - Running: ['***', 'tasks', 'run', 'spotify_etl_dag', 'process_artist', 'manual__2024-09-16T09:56:20.270168+00:00', '--job-id', '45', '--raw', '--subdir', 'DAGS_FOLDER/spotify_***_pipeline.py', '--cfg-path', '/tmp/tmp2reyj73z']
[2024-09-16T09:56:38.239+0000] {standard_task_runner.py:105} INFO - Job 45: Subtask process_artist
[2024-09-16T09:56:38.270+0000] {task_command.py:467} INFO - Running <TaskInstance: spotify_etl_dag.process_artist manual__2024-09-16T09:56:20.270168+00:00 [running]> on host eabfb3f09221
[2024-09-16T09:56:38.320+0000] {taskinstance.py:3131} INFO - Exporting env vars: AIRFLOW_CTX_DAG_OWNER='***' AIRFLOW_CTX_DAG_ID='spotify_etl_dag' AIRFLOW_CTX_TASK_ID='process_artist' AIRFLOW_CTX_EXECUTION_DATE='2024-09-16T09:56:20.270168+00:00' AIRFLOW_CTX_TRY_NUMBER='1' AIRFLOW_CTX_DAG_RUN_ID='manual__2024-09-16T09:56:20.270168+00:00'
[2024-09-16T09:56:38.322+0000] {logging_mixin.py:190} INFO - Task instance is in running state
[2024-09-16T09:56:38.322+0000] {logging_mixin.py:190} INFO -  Previous state of the Task instance: queued
[2024-09-16T09:56:38.322+0000] {logging_mixin.py:190} INFO - Current task name:process_artist state:running start_date:2024-09-16 09:56:38.216632+00:00
[2024-09-16T09:56:38.323+0000] {logging_mixin.py:190} INFO - Dag name:spotify_etl_dag and current dag run status:running
[2024-09-16T09:56:38.323+0000] {taskinstance.py:731} INFO - ::endgroup::
[2024-09-16T09:56:38.423+0000] {python.py:240} INFO - Done. Returned value was: None
[2024-09-16T09:56:38.429+0000] {taskinstance.py:340} INFO - ::group::Post task execution logs
[2024-09-16T09:56:38.430+0000] {taskinstance.py:352} INFO - Marking task as SUCCESS. dag_id=spotify_etl_dag, task_id=process_artist, run_id=manual__2024-09-16T09:56:20.270168+00:00, execution_date=20240916T095620, start_date=20240916T095638, end_date=20240916T095638
[2024-09-16T09:56:38.436+0000] {logging_mixin.py:190} INFO - Task instance in success state
[2024-09-16T09:56:38.437+0000] {logging_mixin.py:190} INFO -  Previous state of the Task instance: running
[2024-09-16T09:56:38.437+0000] {logging_mixin.py:190} INFO - Dag name:spotify_etl_dag queued_at:2024-09-16 09:56:20.287744+00:00
[2024-09-16T09:56:38.437+0000] {logging_mixin.py:190} INFO - Task hostname:eabfb3f09221 operator:PythonOperator
[2024-09-16T09:56:38.453+0000] {local_task_job_runner.py:266} INFO - Task exited with return code 0
[2024-09-16T09:56:38.487+0000] {taskinstance.py:3900} INFO - 1 downstream tasks scheduled from follow-on schedule check
[2024-09-16T09:56:38.492+0000] {local_task_job_runner.py:245} INFO - ::endgroup::
