[2024-09-16T10:00:19.313+0000] {local_task_job_runner.py:123} INFO - ::group::Pre task execution logs
[2024-09-16T10:00:19.326+0000] {taskinstance.py:2612} INFO - Dependencies all met for dep_context=non-requeueable deps ti=<TaskInstance: spotify_etl_dag.process_artist manual__2024-09-16T10:00:04.438206+00:00 [queued]>
[2024-09-16T10:00:19.332+0000] {taskinstance.py:2612} INFO - Dependencies all met for dep_context=requeueable deps ti=<TaskInstance: spotify_etl_dag.process_artist manual__2024-09-16T10:00:04.438206+00:00 [queued]>
[2024-09-16T10:00:19.333+0000] {taskinstance.py:2865} INFO - Starting attempt 1 of 1
[2024-09-16T10:00:19.344+0000] {taskinstance.py:2888} INFO - Executing <Task(PythonOperator): process_artist> on 2024-09-16 10:00:04.438206+00:00
[2024-09-16T10:00:19.350+0000] {warnings.py:112} WARNING - /home/***/.local/lib/python3.12/site-packages/***/task/task_runner/standard_task_runner.py:70: DeprecationWarning: This process (pid=2629) is multi-threaded, use of fork() may lead to deadlocks in the child.
  pid = os.fork()

[2024-09-16T10:00:19.351+0000] {standard_task_runner.py:72} INFO - Started process 2635 to run task
[2024-09-16T10:00:19.352+0000] {standard_task_runner.py:104} INFO - Running: ['***', 'tasks', 'run', 'spotify_etl_dag', 'process_artist', 'manual__2024-09-16T10:00:04.438206+00:00', '--job-id', '53', '--raw', '--subdir', 'DAGS_FOLDER/spotify_***_pipeline.py', '--cfg-path', '/tmp/tmpkmaebjg9']
[2024-09-16T10:00:19.353+0000] {standard_task_runner.py:105} INFO - Job 53: Subtask process_artist
[2024-09-16T10:00:19.386+0000] {task_command.py:467} INFO - Running <TaskInstance: spotify_etl_dag.process_artist manual__2024-09-16T10:00:04.438206+00:00 [running]> on host eabfb3f09221
[2024-09-16T10:00:19.442+0000] {taskinstance.py:3131} INFO - Exporting env vars: AIRFLOW_CTX_DAG_OWNER='***' AIRFLOW_CTX_DAG_ID='spotify_etl_dag' AIRFLOW_CTX_TASK_ID='process_artist' AIRFLOW_CTX_EXECUTION_DATE='2024-09-16T10:00:04.438206+00:00' AIRFLOW_CTX_TRY_NUMBER='1' AIRFLOW_CTX_DAG_RUN_ID='manual__2024-09-16T10:00:04.438206+00:00'
[2024-09-16T10:00:19.444+0000] {logging_mixin.py:190} INFO - Task instance is in running state
[2024-09-16T10:00:19.444+0000] {logging_mixin.py:190} INFO -  Previous state of the Task instance: queued
[2024-09-16T10:00:19.445+0000] {logging_mixin.py:190} INFO - Current task name:process_artist state:running start_date:2024-09-16 10:00:19.326792+00:00
[2024-09-16T10:00:19.445+0000] {logging_mixin.py:190} INFO - Dag name:spotify_etl_dag and current dag run status:running
[2024-09-16T10:00:19.445+0000] {taskinstance.py:731} INFO - ::endgroup::
[2024-09-16T10:00:19.580+0000] {python.py:240} INFO - Done. Returned value was: None
[2024-09-16T10:00:19.587+0000] {taskinstance.py:340} INFO - ::group::Post task execution logs
[2024-09-16T10:00:19.588+0000] {taskinstance.py:352} INFO - Marking task as SUCCESS. dag_id=spotify_etl_dag, task_id=process_artist, run_id=manual__2024-09-16T10:00:04.438206+00:00, execution_date=20240916T100004, start_date=20240916T100019, end_date=20240916T100019
[2024-09-16T10:00:19.596+0000] {logging_mixin.py:190} INFO - Task instance in success state
[2024-09-16T10:00:19.596+0000] {logging_mixin.py:190} INFO -  Previous state of the Task instance: running
[2024-09-16T10:00:19.597+0000] {logging_mixin.py:190} INFO - Dag name:spotify_etl_dag queued_at:2024-09-16 10:00:04.448642+00:00
[2024-09-16T10:00:19.597+0000] {logging_mixin.py:190} INFO - Task hostname:eabfb3f09221 operator:PythonOperator
[2024-09-16T10:00:19.607+0000] {local_task_job_runner.py:266} INFO - Task exited with return code 0
[2024-09-16T10:00:19.622+0000] {taskinstance.py:3900} INFO - 1 downstream tasks scheduled from follow-on schedule check
[2024-09-16T10:00:19.623+0000] {local_task_job_runner.py:245} INFO - ::endgroup::
