[2024-09-16T10:18:26.974+0000] {local_task_job_runner.py:123} INFO - ::group::Pre task execution logs
[2024-09-16T10:18:26.986+0000] {taskinstance.py:2612} INFO - Dependencies all met for dep_context=non-requeueable deps ti=<TaskInstance: spotify_etl_dag.move_data manual__2024-09-16T10:18:06.868794+00:00 [queued]>
[2024-09-16T10:18:26.994+0000] {taskinstance.py:2612} INFO - Dependencies all met for dep_context=requeueable deps ti=<TaskInstance: spotify_etl_dag.move_data manual__2024-09-16T10:18:06.868794+00:00 [queued]>
[2024-09-16T10:18:26.995+0000] {taskinstance.py:2865} INFO - Starting attempt 1 of 1
[2024-09-16T10:18:27.007+0000] {taskinstance.py:2888} INFO - Executing <Task(PythonOperator): move_data> on 2024-09-16 10:18:06.868794+00:00
[2024-09-16T10:18:27.014+0000] {warnings.py:112} WARNING - /home/***/.local/lib/python3.12/site-packages/***/task/task_runner/standard_task_runner.py:70: DeprecationWarning: This process (pid=2985) is multi-threaded, use of fork() may lead to deadlocks in the child.
  pid = os.fork()

[2024-09-16T10:18:27.016+0000] {standard_task_runner.py:72} INFO - Started process 2987 to run task
[2024-09-16T10:18:27.015+0000] {standard_task_runner.py:104} INFO - Running: ['***', 'tasks', 'run', 'spotify_etl_dag', 'move_data', 'manual__2024-09-16T10:18:06.868794+00:00', '--job-id', '77', '--raw', '--subdir', 'DAGS_FOLDER/spotify_***_pipeline.py', '--cfg-path', '/tmp/tmp1dkth0sw']
[2024-09-16T10:18:27.017+0000] {standard_task_runner.py:105} INFO - Job 77: Subtask move_data
[2024-09-16T10:18:27.056+0000] {task_command.py:467} INFO - Running <TaskInstance: spotify_etl_dag.move_data manual__2024-09-16T10:18:06.868794+00:00 [running]> on host eabfb3f09221
[2024-09-16T10:18:27.118+0000] {taskinstance.py:3131} INFO - Exporting env vars: AIRFLOW_CTX_DAG_OWNER='nihitverma' AIRFLOW_CTX_DAG_ID='spotify_etl_dag' AIRFLOW_CTX_TASK_ID='move_data' AIRFLOW_CTX_EXECUTION_DATE='2024-09-16T10:18:06.868794+00:00' AIRFLOW_CTX_TRY_NUMBER='1' AIRFLOW_CTX_DAG_RUN_ID='manual__2024-09-16T10:18:06.868794+00:00'
[2024-09-16T10:18:27.120+0000] {logging_mixin.py:190} INFO - Task instance is in running state
[2024-09-16T10:18:27.121+0000] {logging_mixin.py:190} INFO -  Previous state of the Task instance: queued
[2024-09-16T10:18:27.121+0000] {logging_mixin.py:190} INFO - Current task name:move_data state:running start_date:2024-09-16 10:18:26.987330+00:00
[2024-09-16T10:18:27.122+0000] {logging_mixin.py:190} INFO - Dag name:spotify_etl_dag and current dag run status:running
[2024-09-16T10:18:27.123+0000] {taskinstance.py:731} INFO - ::endgroup::
[2024-09-16T10:18:27.132+0000] {base.py:84} INFO - Retrieving connection 'aws_conn'
[2024-09-16T10:18:27.133+0000] {connection_wrapper.py:388} INFO - AWS Connection (conn_id='aws_conn', conn_type='aws') credentials retrieved from login and password.
[2024-09-16T10:18:29.189+0000] {s3.py:1383} INFO - Deleted: ['raw_data/to_processed/spotify_raw_20240916101810.json']
[2024-09-16T10:18:29.190+0000] {python.py:240} INFO - Done. Returned value was: None
[2024-09-16T10:18:29.196+0000] {taskinstance.py:340} INFO - ::group::Post task execution logs
[2024-09-16T10:18:29.197+0000] {taskinstance.py:352} INFO - Marking task as SUCCESS. dag_id=spotify_etl_dag, task_id=move_data, run_id=manual__2024-09-16T10:18:06.868794+00:00, execution_date=20240916T101806, start_date=20240916T101826, end_date=20240916T101829
[2024-09-16T10:18:29.204+0000] {logging_mixin.py:190} INFO - Task instance in success state
[2024-09-16T10:18:29.205+0000] {logging_mixin.py:190} INFO -  Previous state of the Task instance: running
[2024-09-16T10:18:29.205+0000] {logging_mixin.py:190} INFO - Dag name:spotify_etl_dag queued_at:2024-09-16 10:18:06.877848+00:00
[2024-09-16T10:18:29.206+0000] {logging_mixin.py:190} INFO - Task hostname:eabfb3f09221 operator:PythonOperator
[2024-09-16T10:18:29.240+0000] {local_task_job_runner.py:266} INFO - Task exited with return code 0
[2024-09-16T10:18:29.275+0000] {taskinstance.py:3900} INFO - 0 downstream tasks scheduled from follow-on schedule check
[2024-09-16T10:18:29.278+0000] {local_task_job_runner.py:245} INFO - ::endgroup::
