[2024-09-16T06:53:56.895+0000] {local_task_job_runner.py:123} INFO - ::group::Pre task execution logs
[2024-09-16T06:53:56.906+0000] {taskinstance.py:2612} INFO - Dependencies all met for dep_context=non-requeueable deps ti=<TaskInstance: spotify_etl_dag.fetch_spotify_data manual__2024-09-16T06:53:55.232884+00:00 [queued]>
[2024-09-16T06:53:56.912+0000] {taskinstance.py:2612} INFO - Dependencies all met for dep_context=requeueable deps ti=<TaskInstance: spotify_etl_dag.fetch_spotify_data manual__2024-09-16T06:53:55.232884+00:00 [queued]>
[2024-09-16T06:53:56.912+0000] {taskinstance.py:2865} INFO - Starting attempt 1 of 1
[2024-09-16T06:53:56.921+0000] {taskinstance.py:2888} INFO - Executing <Task(PythonOperator): fetch_spotify_data> on 2024-09-16 06:53:55.232884+00:00
[2024-09-16T06:53:56.929+0000] {warnings.py:112} WARNING - /home/***/.local/lib/python3.12/site-packages/***/task/task_runner/standard_task_runner.py:70: DeprecationWarning: This process (pid=1184) is multi-threaded, use of fork() may lead to deadlocks in the child.
  pid = os.fork()

[2024-09-16T06:53:56.930+0000] {standard_task_runner.py:72} INFO - Started process 1186 to run task
[2024-09-16T06:53:56.930+0000] {standard_task_runner.py:104} INFO - Running: ['***', 'tasks', 'run', 'spotify_etl_dag', 'fetch_spotify_data', 'manual__2024-09-16T06:53:55.232884+00:00', '--job-id', '24', '--raw', '--subdir', 'DAGS_FOLDER/spotify_***_pipeline.py', '--cfg-path', '/tmp/tmplwan900f']
[2024-09-16T06:53:56.931+0000] {standard_task_runner.py:105} INFO - Job 24: Subtask fetch_spotify_data
[2024-09-16T06:53:56.968+0000] {task_command.py:467} INFO - Running <TaskInstance: spotify_etl_dag.fetch_spotify_data manual__2024-09-16T06:53:55.232884+00:00 [running]> on host eabfb3f09221
[2024-09-16T06:53:57.023+0000] {taskinstance.py:3131} INFO - Exporting env vars: AIRFLOW_CTX_DAG_OWNER='nihitverma' AIRFLOW_CTX_DAG_ID='spotify_etl_dag' AIRFLOW_CTX_TASK_ID='fetch_spotify_data' AIRFLOW_CTX_EXECUTION_DATE='2024-09-16T06:53:55.232884+00:00' AIRFLOW_CTX_TRY_NUMBER='1' AIRFLOW_CTX_DAG_RUN_ID='manual__2024-09-16T06:53:55.232884+00:00'
[2024-09-16T06:53:57.025+0000] {logging_mixin.py:190} INFO - Task instance is in running state
[2024-09-16T06:53:57.025+0000] {logging_mixin.py:190} INFO -  Previous state of the Task instance: queued
[2024-09-16T06:53:57.026+0000] {logging_mixin.py:190} INFO - Current task name:fetch_spotify_data state:running start_date:2024-09-16 06:53:56.906901+00:00
[2024-09-16T06:53:57.026+0000] {logging_mixin.py:190} INFO - Dag name:spotify_etl_dag and current dag run status:running
[2024-09-16T06:53:57.027+0000] {taskinstance.py:731} INFO - ::endgroup::
[2024-09-16T06:53:57.929+0000] {python.py:240} INFO - Done. Returned value was: None
[2024-09-16T06:53:57.936+0000] {taskinstance.py:340} INFO - ::group::Post task execution logs
[2024-09-16T06:53:57.936+0000] {taskinstance.py:352} INFO - Marking task as SUCCESS. dag_id=spotify_etl_dag, task_id=fetch_spotify_data, run_id=manual__2024-09-16T06:53:55.232884+00:00, execution_date=20240916T065355, start_date=20240916T065356, end_date=20240916T065357
[2024-09-16T06:53:57.944+0000] {logging_mixin.py:190} INFO - Task instance in success state
[2024-09-16T06:53:57.945+0000] {logging_mixin.py:190} INFO -  Previous state of the Task instance: running
[2024-09-16T06:53:57.945+0000] {logging_mixin.py:190} INFO - Dag name:spotify_etl_dag queued_at:2024-09-16 06:53:55.240158+00:00
[2024-09-16T06:53:57.946+0000] {logging_mixin.py:190} INFO - Task hostname:eabfb3f09221 operator:PythonOperator
[2024-09-16T06:53:57.989+0000] {local_task_job_runner.py:266} INFO - Task exited with return code 0
[2024-09-16T06:53:58.007+0000] {taskinstance.py:3900} INFO - 1 downstream tasks scheduled from follow-on schedule check
[2024-09-16T06:53:58.009+0000] {local_task_job_runner.py:245} INFO - ::endgroup::
